2024-03-13 09:50:22:5022 [35mhttp[39m: [35mServer is running on port 3000![39m
2024-03-13 10:13:21:1321 [32minfo[39m: [32mServer connection established on http://localhost:3000[39m
2024-03-13 10:13:21:1321 [33mwarn[39m: [33mSERVER UP AND RUNNING IN DEVELOPER MODE![39m
2024-03-13 10:52:05:525 [32minfo[39m: [32mServer connection established on http://localhost:3000[39m
2024-03-13 10:52:05:525 [33mwarn[39m: [33mSERVER UP AND RUNNING IN DEVELOPER MODE![39m
2024-03-13 12:26:44:2644 [32minfo[39m: [32mServer connection established on http://localhost:3000[39m
2024-03-13 12:26:44:2644 [33mwarn[39m: [33mSERVER UP AND RUNNING IN DEVELOPER MODE![39m
2024-03-13 13:19:19:1919 [32minfo[39m: [32mServer connection established on http://localhost:3000[39m
2024-03-13 13:19:19:1919 [33mwarn[39m: [33mSERVER UP AND RUNNING IN DEVELOPER MODE![39m
2024-03-13 15:43:26:4326 [32minfo[39m: [32mServer is running at http://localhost:3000[39m
2024-03-13 16:58:42:5842 [32minfo[39m: [32mServer is running at http://localhost:3000[39m
2024-03-13 16:59:34:5934 [32minfo[39m: [32mServer is running at http://localhost:3000[39m
2024-03-13 17:00:18:018 [32minfo[39m: [32mServer is running at http://localhost:3000[39m
2024-03-13 17:00:32:032 [32minfo[39m: [32m[object Object][39m
2024-03-13 17:05:06:56 [32minfo[39m: [32mServer is running at http://localhost:3000[39m
2024-03-13 17:06:34:634 [32minfo[39m: [32mServer is running at http://localhost:3000[39m
2024-03-13 17:07:41:741 [32minfo[39m: [32m[object Object][39m
2024-03-13 17:08:13:813 [32minfo[39m: [32mServer is running at http://localhost:3000[39m
2024-03-13 17:08:19:819 [32minfo[39m: [32mHejsan svejsan [object Object][39m
2024-03-13 17:08:38:838 [32minfo[39m: [32mServer is running at http://localhost:3000[39m
2024-03-13 17:08:42:842 [32minfo[39m: [32mHejsan svejsan {"commands":["f","r","f"],"x_pos":0,"y_pos":0,"initDirection":"NORTH","boardSize":{"width":5,"height":5}}[39m
2024-03-13 17:11:07:117 [32minfo[39m: [32mHejsan svejsan {"commands":["f","r","f"],"x_pos":0,"y_pos":0,"initDirection":"NORTH","boardSize":{"width":5,"height":5}}[39m
2024-03-13 17:12:57:1257 [32minfo[39m: [32mHejsan svejsan {"commands":["f","r","f"],"x_pos":0,"y_pos":0,"initDirection":"NORTH","board":{"width":5,"height":5}}[39m
2024-03-13 17:14:03:143 [32minfo[39m: [32mServer is running at http://localhost:3000[39m
2024-03-13 17:15:09:159 [32minfo[39m: [32mServer is running at http://localhost:3000[39m
2024-03-13 17:15:27:1527 [32minfo[39m: [32mHejsan svejsan {"commands":["f","r","f"],"x_pos":0,"y_pos":0,"initDirection":"NORTH","board":{"width":5,"height":5}}[39m
2024-03-13 17:16:24:1624 [32minfo[39m: [32mHejsan svejsan {"commands":["f","r","f"],"x_pos":"0","y_pos":"0","initDirection":"NORTH","board":{"width":5,"height":5}}[39m
2024-03-13 17:16:34:1634 [32minfo[39m: [32mHejsan svejsan {"commands":["f","r","f"],"x_pos":"0","y_pos":"0","initDirection":"NORTH","boardSize":{"width":5,"height":5}}[39m
2024-03-13 17:21:57:2157 [32minfo[39m: [32mServer is running at http://localhost:3000[39m
2024-03-13 17:22:11:2211 [32minfo[39m: [32mHejsan svejsan {"commands":["f","r","f"],"x_pos":"0","y_pos":"0","initDirection":"NORTH","boardSize":{"width":5,"height":5}}[39m
2024-03-13 17:22:36:2236 [32minfo[39m: [32mHejsan svejsan {"commands":["f","r","f"],"x_pos":0,"y_pos":0,"initDirection":"NORTH","boardSize":{"width":5,"height":5}}[39m
2024-03-13 17:22:49:2249 [32minfo[39m: [32mServer is running at http://localhost:3000[39m
2024-03-13 17:22:53:2253 [32minfo[39m: [32mHejsan svejsan {"commands":["f","r","f"],"x_pos":0,"y_pos":0,"initDirection":"NORTH","boardSize":{"width":5,"height":5}}[39m
2024-03-13 17:23:56:2356 [32minfo[39m: [32mServer is running at http://localhost:3000[39m
2024-03-13 17:24:01:241 [32minfo[39m: [32mHejsan svejsan {"commands":["f","r","f"],"x_pos":0,"y_pos":0,"initDirection":"NORTH","boardSize":{"width":5,"height":5}}[39m
2024-03-13 17:24:01:241 [32minfo[39m: [32mnumber[39m
2024-03-13 17:24:21:2421 [32minfo[39m: [32mServer is running at http://localhost:3000[39m
2024-03-13 17:24:24:2424 [32minfo[39m: [32mHejsan svejsan {"commands":["f","r","f"],"x_pos":0,"y_pos":0,"initDirection":"NORTH","boardSize":{"width":5,"height":5}}[39m
2024-03-13 17:24:24:2424 [32minfo[39m: [32mnumber[39m
2024-03-13 17:24:50:2450 [32minfo[39m: [32mServer is running at http://localhost:3000[39m
2024-03-13 17:27:48:2748 [32minfo[39m: [32mServer is running at http://localhost:3000[39m
2024-03-13 17:27:56:2756 [32minfo[39m: [32mHejsan svejsan {"commands":["f","r","f"],"x_pos":0,"y_pos":0,"initDirection":"NORTH","boardSize":{"width":5,"height":5}}[39m
2024-03-13 17:27:56:2756 [32minfo[39m: [32mnumber[39m
2024-03-13 17:31:08:318 [32minfo[39m: [32mServer is running at http://localhost:3000[39m
2024-03-13 17:31:17:3117 [32minfo[39m: [32mHejsan svejsan {"commands":["f","r","f"],"x_pos":0,"y_pos":0,"initDirection":"NORTH","boardSize":{"width":5,"height":5}}[39m
2024-03-13 17:31:17:3117 [32minfo[39m: [32mnumber[39m
2024-03-13 17:31:38:3138 [32minfo[39m: [32mHejsan svejsan {"commands":["f","r","f"],"x_pos":1,"y_pos":1,"initDirection":"NORTH","boardSize":{"width":5,"height":5}}[39m
2024-03-13 17:32:56:3256 [32minfo[39m: [32mHejsan svejsan {"commands":["f","r","f"],"x_pos":1,"y_pos":0,"initDirection":"NORTH","boardSize":{"width":5,"height":5}}[39m
2024-03-13 17:33:05:335 [32minfo[39m: [32mHejsan svejsan {"commands":["f","r","f"],"x_pos":1,"y_pos":1,"initDirection":"NORTH","boardSize":{"width":5,"height":5}}[39m
2024-03-13 17:36:56:3656 [32minfo[39m: [32mServer is running at http://localhost:3000[39m
2024-03-13 17:37:02:372 [32minfo[39m: [32mHejsan svejsan {"commands":["f","r","f"],"x_pos":1,"y_pos":1,"initDirection":"NORTH","boardSize":{"width":5,"height":5}}[39m
2024-03-13 17:38:21:3821 [32minfo[39m: [32mServer is running at http://localhost:3000[39m
2024-03-13 17:38:57:3857 [32minfo[39m: [32mServer is running at http://localhost:3000[39m
2024-03-13 17:39:03:393 [32minfo[39m: [32mHejsan svejsan {"commands":["f","r","f"],"x_pos":1,"y_pos":1,"initDirection":"NORTH","boardSize":{"width":5,"height":5}}[39m
2024-03-13 17:40:08:408 [32minfo[39m: [32mServer is running at http://localhost:3000[39m
2024-03-13 17:40:14:4014 [32minfo[39m: [32mHejsan svejsan {"commands":["f","r","f"],"x_pos":1,"y_pos":1,"initDirection":"NORTH","boardSize":{"width":5,"height":5}}[39m
2024-03-13 17:40:27:4027 [32minfo[39m: [32mServer is running at http://localhost:3000[39m
2024-03-13 17:40:32:4032 [32minfo[39m: [32mHejsan svejsan {"commands":["f","r","f"],"x_pos":1,"y_pos":1,"initDirection":"NORTH","boardSize":{"width":5,"height":5}}[39m
2024-03-13 17:42:20:4220 [32minfo[39m: [32mServer is running at http://localhost:3000[39m
2024-03-13 17:42:48:4248 [32minfo[39m: [32mHejsan svejsan {"commands":["f","r","f"],"x_pos":1,"y_pos":1,"initDirection":"NORTH","boardSize":{"width":5,"height":5}}[39m
2024-03-13 17:43:15:4315 [32minfo[39m: [32mServer is running at http://localhost:3000[39m
2024-03-13 17:43:19:4319 [32minfo[39m: [32mHejsan svejsan {"commands":["f","r","f"],"x_pos":1,"y_pos":1,"initDirection":"NORTH","boardSize":{"width":5,"height":5}}[39m
2024-03-13 17:43:19:4319 [32minfo[39m: [32mnumber[39m
2024-03-13 17:43:26:4326 [32minfo[39m: [32mServer is running at http://localhost:3000[39m
2024-03-13 17:43:30:4330 [32minfo[39m: [32mHejsan svejsan {"commands":["f","r","f"],"x_pos":1,"y_pos":1,"initDirection":"NORTH","boardSize":{"width":5,"height":5}}[39m
2024-03-13 17:43:30:4330 [32minfo[39m: [32mobject[39m
2024-03-13 17:44:02:442 [32minfo[39m: [32mServer is running at http://localhost:3000[39m
2024-03-13 17:44:04:444 [32minfo[39m: [32mHejsan svejsan {"commands":["f","r","f"],"x_pos":1,"y_pos":1,"initDirection":"NORTH","boardSize":{"width":5,"height":5}}[39m
2024-03-13 17:44:04:444 [32minfo[39m: [32mnumber 1 1[39m
2024-03-13 17:44:18:4418 [32minfo[39m: [32mServer is running at http://localhost:3000[39m
2024-03-13 17:44:26:4426 [32minfo[39m: [32mHejsan svejsan {"commands":["f","r","f"],"x_pos":1,"y_pos":1,"initDirection":"NORTH","boardSize":{"width":5,"height":5}}[39m
2024-03-13 17:44:26:4426 [32minfo[39m: [32mnumber 1 1[39m
2024-03-13 17:49:07:497 [32minfo[39m: [32mHejsan svejsan {"commands":["f","r","f"],"x_pos":0,"y_pos":1,"initDirection":"NORTH","boardSize":{"width":5,"height":5}}[39m
2024-03-13 17:49:07:497 [32minfo[39m: [32mnumber 0 1[39m
2024-03-13 17:49:07:497 [32minfo[39m: [32mnumber[39m
2024-03-13 17:52:09:529 [32minfo[39m: [32mServer is running at http://localhost:3000[39m
2024-03-13 17:53:28:5328 [32minfo[39m: [32mHejsan svejsan {"commands":["f","r","f"],"x_pos":0,"y_pos":1,"initDirection":"NORTH","boardSize":{"width":5,"height":5}}[39m
2024-03-13 17:53:28:5328 [32minfo[39m: [32mnumber 0 1[39m
2024-03-13 17:53:28:5328 [32minfo[39m: [32mnumber[39m
2024-03-13 17:55:44:5544 [32minfo[39m: [32mHejsan svejsan {"commands":["f","r","f"],"x_pos":1,"y_pos":1,"initDirection":"NORTH","boardSize":{"width":5,"height":5}}[39m
2024-03-13 17:55:44:5544 [32minfo[39m: [32mnumber 1 1[39m
2024-03-13 18:09:47:947 [32minfo[39m: [32mHejsan svejsan {"commands":["f","r","f"],"x_pos":0,"y_pos":1,"initDirection":"NORTH","boardSize":{"width":5,"height":5}}[39m
2024-03-13 18:09:47:947 [32minfo[39m: [32mnumber 0 1[39m
2024-03-13 18:09:47:947 [32minfo[39m: [32mnumber[39m
2024-03-13 18:10:59:1059 [32minfo[39m: [32mHejsan svejsan {"commands":["f","r","f"],"x_pos":1,"y_pos":1,"initDirection":"NORTH","boardSize":{"width":5,"height":5}}[39m
2024-03-13 18:10:59:1059 [32minfo[39m: [32mnumber 1 1[39m
2024-03-13 18:11:23:1123 [32minfo[39m: [32mHejsan svejsan {"commands":["f","r","f"],"x_pos":1,"y_pos":1,"initDirection":"NORTH","boardSize":{"width":0,"height":5}}[39m
2024-03-13 18:11:23:1123 [32minfo[39m: [32mnumber 1 1[39m
2024-03-13 18:22:07:227 [32minfo[39m: [32mHejsan svejsan {"commands":["f","r","f"],"x_pos":1,"y_pos":1,"initDirection":"NORTH","boardSize":{"width":5,"height":5}}[39m
2024-03-13 18:22:07:227 [32minfo[39m: [32mnumber 1 1[39m
2024-03-13 19:01:50:150 [32minfo[39m: [32mServer is running at http://localhost:3000[39m
2024-03-13 19:01:56:156 [32minfo[39m: [32m[ 'f', 'r', 'f' ][39m
2024-03-13 19:01:56:156 [32minfo[39m: [32m1[39m
2024-03-13 19:01:56:156 [32minfo[39m: [32m1[39m
2024-03-13 19:01:56:156 [32minfo[39m: [32mNORTH[39m
2024-03-13 19:01:56:156 [32minfo[39m: [32m{ width: 5, height: 5 }[39m
2024-03-13 19:03:37:337 [32minfo[39m: [32mServer is running at http://localhost:3000[39m
2024-03-13 19:03:45:345 [32minfo[39m: [32mServer is running at http://localhost:3000[39m
2024-03-13 19:21:30:2130 [32minfo[39m: [32mServer is running at http://localhost:3000[39m
2024-03-13 19:21:35:2135 [32minfo[39m: [32mServer is running at http://localhost:3000[39m
2024-03-13 19:21:49:2149 [32minfo[39m: [32mServer is running at http://localhost:3000[39m
2024-03-13 19:21:57:2157 [32minfo[39m: [32m[ 'f', 'r', 'f' ][39m
2024-03-13 19:21:57:2157 [32minfo[39m: [32m1[39m
2024-03-13 19:21:57:2157 [32minfo[39m: [32m1[39m
2024-03-13 19:21:57:2157 [32minfo[39m: [32mNORTH[39m
2024-03-13 19:21:57:2157 [32minfo[39m: [32m{ width: 5, height: 5 }[39m
2024-03-13 19:23:03:233 [32minfo[39m: [32mServer is running at http://localhost:3000[39m
2024-03-13 19:24:02:242 [32minfo[39m: [32mServer is running at http://localhost:3000[39m
2024-03-13 19:24:15:2415 [32minfo[39m: [32mServer is running at http://localhost:3000[39m
2024-03-13 19:48:31:4831 [32minfo[39m: [32mServer is running at http://localhost:3000[39m
2024-03-13 19:48:36:4836 [32minfo[39m: [32m[ 'f', 'r', 'f' ][39m
2024-03-13 19:48:36:4836 [32minfo[39m: [32m1[39m
2024-03-13 19:48:36:4836 [32minfo[39m: [32m1[39m
2024-03-13 19:48:36:4836 [32minfo[39m: [32mNORTH[39m
2024-03-13 19:48:36:4836 [32minfo[39m: [32m{ width: 5, height: 5 }[39m
2024-03-13 19:48:36:4836 [32minfo[39m: [32mRobot[object Object]  EAST[39m
2024-03-13 19:49:08:498 [32minfo[39m: [32mServer is running at http://localhost:3000[39m
2024-03-13 19:49:18:4918 [32minfo[39m: [32m[ 'f', 'r', 'f' ][39m
2024-03-13 19:49:18:4918 [32minfo[39m: [32m1[39m
2024-03-13 19:49:18:4918 [32minfo[39m: [32m1[39m
2024-03-13 19:49:18:4918 [32minfo[39m: [32mNORTH[39m
2024-03-13 19:49:18:4918 [32minfo[39m: [32m{ width: 5, height: 5 }[39m
2024-03-13 19:49:18:4918 [32minfo[39m: [32mRobotgetCurrentPosition() {[39m
[32m        return this.positionManager.getCurrentPosition();[39m
[32m    }  EAST[39m
2024-03-13 19:49:53:4953 [32minfo[39m: [32mServer is running at http://localhost:3000[39m
2024-03-13 19:49:57:4957 [32minfo[39m: [32m[ 'f', 'r', 'f' ][39m
2024-03-13 19:49:57:4957 [32minfo[39m: [32m1[39m
2024-03-13 19:49:57:4957 [32minfo[39m: [32m1[39m
2024-03-13 19:49:57:4957 [32minfo[39m: [32mNORTH[39m
2024-03-13 19:49:57:4957 [32minfo[39m: [32m{ width: 5, height: 5 }[39m
2024-03-13 19:49:57:4957 [32minfo[39m: [32mRobotgetMoveDirection() {[39m
[32m        return this.moveDirection;[39m
[32m    }  EAST[39m
2024-03-13 19:50:09:509 [32minfo[39m: [32mServer is running at http://localhost:3000[39m
2024-03-13 19:50:11:5011 [32minfo[39m: [32m[ 'f', 'r', 'f' ][39m
2024-03-13 19:50:11:5011 [32minfo[39m: [32m1[39m
2024-03-13 19:50:11:5011 [32minfo[39m: [32m1[39m
2024-03-13 19:50:11:5011 [32minfo[39m: [32mNORTH[39m
2024-03-13 19:50:11:5011 [32minfo[39m: [32m{ width: 5, height: 5 }[39m
2024-03-13 19:50:11:5011 [32minfo[39m: [32mRobot getMoveDirection() {[39m
[32m        return this.moveDirection;[39m
[32m    }  EAST[39m
2024-03-13 19:50:26:5026 [32minfo[39m: [32mServer is running at http://localhost:3000[39m
2024-03-13 19:50:28:5028 [32minfo[39m: [32m[ 'f', 'r', 'f' ][39m
2024-03-13 19:50:28:5028 [32minfo[39m: [32m1[39m
2024-03-13 19:50:28:5028 [32minfo[39m: [32m1[39m
2024-03-13 19:50:28:5028 [32minfo[39m: [32mNORTH[39m
2024-03-13 19:50:28:5028 [32minfo[39m: [32m{ width: 5, height: 5 }[39m
2024-03-13 19:50:28:5028 [32minfo[39m: [32mRobot NORTH  EAST[39m
2024-03-13 20:29:53:2953 [32minfo[39m: [32mServer is running at http://localhost:3000[39m
2024-03-13 20:30:09:309 [32minfo[39m: [32mServer is running at http://localhost:3000[39m
